<?xml version="1.0" encoding="UTF-8"?>
<robot generator="Robot 7.2 (Python 3.12.3 on win32)" generated="2026-05-25T16:11:52.479098" rpa="false" schemaversion="5">
<suite id="s1" name="Automation RobotFramework" source="C:\Users\kumarmt\Music\Automation_RobotFramework">
<suite id="s1-s1" name="Testcases" source="C:\Users\kumarmt\Music\Automation_RobotFramework\Testcases">
<suite id="s1-s1-s1" name="orderCompletion" source="C:\Users\kumarmt\Music\Automation_RobotFramework\Testcases\orderCompletion.robot">
<test id="s1-s1-s1-t1" name="TC01" line="7">
<kw name="LoginBrowser" owner="LoginDetails">
<kw name="Set Browser Timeout" owner="Browser">
<msg time="2026-05-25T16:11:53.240747" level="INFO">Starting Browser process C:\Users\kumarmt\AppData\Local\Programs\Python\Python312\Lib\site-packages\Browser\wrapper\index.js using port 50132</msg>
<msg time="2026-05-25T16:11:53.241749" level="INFO">Node startup parameters: ['node', 'C:\\Users\\kumarmt\\AppData\\Local\\Programs\\Python\\Python312\\Lib\\site-packages\\Browser\\wrapper\\index.js', '50132']</msg>
<arg>20s</arg>
<tag>Config</tag>
<tag>Setter</tag>
<doc>Sets the timeout used by most input and getter keywords.</doc>
<status status="PASS" start="2026-05-25T16:11:53.139267" elapsed="2.621843"/>
</kw>
<kw name="Open Browser" owner="Browser">
<msg time="2026-05-25T16:11:55.764111" level="WARN">Open Browser is for quick experimentation and debugging only. Use New Page for production.</msg>
<msg time="2026-05-25T16:11:55.786630" level="INFO">{"browser": "firefox", "headless": false, "chromiumSandbox": false, "devtools": false, "handleSIGHUP": true, "handleSIGINT": true, "handleSIGTERM": true, "slowMo": 0.0, "timeout": 30000.0, "tracesDir": "C:\\Users\\kumarmt\\Music\\Automation_RobotFramework\\results\\browser\\traces\\e935e0d9-905b-4cef-8056-4c4b5f7896f8"}</msg>
<msg time="2026-05-25T16:12:03.277992" level="INFO">Successfully created browser with options: {"browser":"firefox","headless":false,"chromiumSandbox":false,"devtools":false,"handleSIGHUP":true,"handleSIGINT":true,"handleSIGTERM":true,"slowMo":0,"timeout":30000,"tracesDir":"C:\\Users\\kumarmt\\Music\\Automation_RobotFramework\\results\\browser\\traces\\e935e0d9-905b-4cef-8056-4c4b5f7896f8"}</msg>
<msg time="2026-05-25T16:12:03.279529" level="INFO">{
  "acceptDownloads": true,
  "bypassCSP": true,
  "forcedColors": "none",
  "ignoreHTTPSErrors": false,
  "javaScriptEnabled": true,
  "offline": false,
  "reducedMotion": "no-preference",
  "serviceWorkers": "allow",
  "viewport": {
    "width": 1280,
    "height": 720
  }
}</msg>
<msg time="2026-05-25T16:12:03.387385" level="INFO">Successfully created context. </msg>
<msg time="2026-05-25T16:12:03.387385" level="INFO">{'acceptDownloads': True, 'bypassCSP': True, 'forcedColors': 'none', 'ignoreHTTPSErrors': False, 'javaScriptEnabled': True, 'offline': False, 'reducedMotion': 'no-preference', 'serviceWorkers': 'allow', 'viewport': {'width': 1280, 'height': 720}}</msg>
<msg time="2026-05-25T16:12:14.166469" level="INFO">Successfully initialized new page object and opened url: https://rahulshettyacademy.com/client/#/auth/login</msg>
<arg>${url}</arg>
<arg>firefox</arg>
<arg>headless=false</arg>
<tag>BrowserControl</tag>
<tag>Setter</tag>
<doc>Opens a new browser instance. Use this keyword for quick experiments or debugging sessions.</doc>
<status status="PASS" start="2026-05-25T16:11:55.762110" elapsed="18.414375"/>
</kw>
<kw name="Fill Text" owner="Browser">
<msg time="2026-05-25T16:12:14.182481" level="INFO">Fills the text 'mathankumar9488@gmail.com' in the given field.</msg>
<arg>${username}</arg>
<arg>mathankumar9488@gmail.com</arg>
<tag>PageContent</tag>
<tag>Setter</tag>
<doc>Clears and fills the given ``txt`` into the text field found by ``selector``.</doc>
<status status="PASS" start="2026-05-25T16:12:14.178486" elapsed="0.356310"/>
</kw>
<kw name="Fill Text" owner="Browser">
<msg time="2026-05-25T16:12:14.539205" level="INFO">Fills the text 'Mathan9488@1' in the given field.</msg>
<arg>${password}</arg>
<arg>Mathan9488@1</arg>
<tag>PageContent</tag>
<tag>Setter</tag>
<doc>Clears and fills the given ``txt`` into the text field found by ``selector``.</doc>
<status status="PASS" start="2026-05-25T16:12:14.535987" elapsed="0.452478"/>
</kw>
<kw name="Promise To" owner="Browser">
<msg time="2026-05-25T16:12:15.095865" level="INFO">${promise} = &lt;Future at 0x23500726510 state=running&gt;</msg>
<var>${promise}</var>
<arg>Wait For Response</arg>
<arg>https://rahulshettyacademy.com/api/ecom/auth/login</arg>
<tag>Wait</tag>
<doc>Wrap a Browser library keyword and make it a promise.</doc>
<status status="PASS" start="2026-05-25T16:12:14.995731" elapsed="0.106139"/>
</kw>
<kw name="Click" owner="Browser">
<msg time="2026-05-25T16:12:15.107870" level="INFO">Clicks the element '//*[@id="login"]'.</msg>
<arg>${submit}</arg>
<tag>PageContent</tag>
<tag>Setter</tag>
<doc>Simulates mouse click on the element found by ``selector``.</doc>
<status status="PASS" start="2026-05-25T16:12:15.103879" elapsed="0.395013"/>
</kw>
<kw name="Wait For" owner="Browser">
<msg time="2026-05-25T16:12:15.602519" level="INFO">${response} = {'status': 200, 'body': {'token': 'eyJhbGciOiJIUzI1NiIsInR5cCI6IkpXVCJ9.eyJfaWQiOiI2OWQxNDg3YmY4NmJhNTFhNjU0NmUxYTIiLCJ1c2VyRW1haWwiOiJtYXRoYW5rdW1hcjk0ODhAZ21haWwuY29tIiwidXNlck1vYmlsZSI6OTQ4ODIzNTA2...</msg>
<var>${response}</var>
<arg>${promise}</arg>
<tag>Wait</tag>
<doc>Waits for promises to finish and returns results from them.</doc>
<status status="PASS" start="2026-05-25T16:12:15.499930" elapsed="0.104597"/>
</kw>
<if>
<branch type="IF" condition="${response.status} != 200">
<kw name="Fail" owner="BuiltIn">
<arg>${response.body}</arg>
<doc>Fails the test with the given message and optionally alters its tags.</doc>
<status status="NOT RUN" start="2026-05-25T16:12:15.607491" elapsed="0.000000"/>
</kw>
<status status="NOT RUN" start="2026-05-25T16:12:15.605486" elapsed="0.003006"/>
</branch>
<status status="PASS" start="2026-05-25T16:12:15.605486" elapsed="0.003006"/>
</if>
<status status="PASS" start="2026-05-25T16:11:53.136714" elapsed="22.471778"/>
</kw>
<status status="PASS" start="2026-05-25T16:11:53.125385" elapsed="22.515820"/>
</test>
<test id="s1-s1-s1-t2" name="Tc02" line="9">
<kw name="OrderCompletion" owner="orderCompletion">
<kw name="Wait For Elements State" owner="Browser">
<msg time="2026-05-25T16:12:16.260044" level="INFO">Waited for Element with selector (//button[contains(@class,"btn w-10 rounded")])[1] at state enabled</msg>
<arg>${AddToCart}</arg>
<arg>enabled</arg>
<arg>20s</arg>
<tag>PageContent</tag>
<tag>Wait</tag>
<doc>Waits for the element found by ``selector`` to satisfy state option.</doc>
<status status="PASS" start="2026-05-25T16:12:15.723267" elapsed="0.537804"/>
</kw>
<kw name="Click" owner="Browser">
<msg time="2026-05-25T16:12:16.265252" level="INFO">Clicks the element '(//button[contains(@class,"btn w-10 rounded")])[1]'.</msg>
<arg>${AddToCart}</arg>
<tag>PageContent</tag>
<tag>Setter</tag>
<doc>Simulates mouse click on the element found by ``selector``.</doc>
<status status="PASS" start="2026-05-25T16:12:16.262059" elapsed="0.230636"/>
</kw>
<kw name="Get Url" owner="Browser">
<msg time="2026-05-25T16:12:16.511528" level="INFO">${url} = https://rahulshettyacademy.com/client/#/dashboard/dash</msg>
<var>${url}</var>
<tag>Assertion</tag>
<tag>Getter</tag>
<tag>PageContent</tag>
<doc>Returns the current URL.</doc>
<status status="PASS" start="2026-05-25T16:12:16.492695" elapsed="0.019832"/>
</kw>
<if>
<branch type="IF" condition="'${url} == https://rahulshettyacademy.com/client/#/dashboard/dash'">
<kw name="Pass Execution" owner="BuiltIn">
<msg time="2026-05-25T16:12:16.518081" level="INFO">Execution passed with message:
Dashboard page is reached</msg>
<arg>Dashboard page is reached</arg>
<doc>Skips rest of the current test, setup, or teardown with PASS status.</doc>
<status status="PASS" start="2026-05-25T16:12:16.517076" elapsed="0.002379">Dashboard page is reached</status>
</kw>
<status status="PASS" start="2026-05-25T16:12:16.513526" elapsed="0.006953">Dashboard page is reached</status>
</branch>
<branch type="ELSE">
<kw name="Fail" owner="BuiltIn">
<arg>Dashboard page not reached</arg>
<doc>Fails the test with the given message and optionally alters its tags.</doc>
<status status="NOT RUN" start="2026-05-25T16:12:16.521477" elapsed="0.002015"/>
</kw>
<status status="NOT RUN" start="2026-05-25T16:12:16.520479" elapsed="0.004025"/>
</branch>
<status status="PASS" start="2026-05-25T16:12:16.513526" elapsed="0.010978">Dashboard page is reached</status>
</if>
<kw name="Get Text" owner="Browser">
<var>${actual}</var>
<arg>css=#toast-container</arg>
<arg>5s</arg>
<tag>Assertion</tag>
<tag>Getter</tag>
<tag>PageContent</tag>
<doc>Returns text attribute of the element found by ``selector``.</doc>
<status status="NOT RUN" start="2026-05-25T16:12:16.524504" elapsed="0.001235"/>
</kw>
<kw name="Should Be Equal As Strings" owner="BuiltIn">
<arg>${actual}</arg>
<arg>${expected}</arg>
<doc>Fails if objects are unequal after converting them to strings.</doc>
<status status="NOT RUN" start="2026-05-25T16:12:16.526759" elapsed="0.001231"/>
</kw>
<kw name="Click" owner="Browser">
<arg>${cartPage}</arg>
<tag>PageContent</tag>
<tag>Setter</tag>
<doc>Simulates mouse click on the element found by ``selector``.</doc>
<status status="NOT RUN" start="2026-05-25T16:12:16.527990" elapsed="0.001015"/>
</kw>
<kw name="Get Url" owner="Browser">
<var>${cartUrl}</var>
<tag>Assertion</tag>
<tag>Getter</tag>
<tag>PageContent</tag>
<doc>Returns the current URL.</doc>
<status status="NOT RUN" start="2026-05-25T16:12:16.530005" elapsed="0.000000"/>
</kw>
<status status="PASS" start="2026-05-25T16:12:15.707930" elapsed="0.823092">Dashboard page is reached</status>
</kw>
<msg time="2026-05-25T16:12:16.574328" level="INFO">Set timeout to: 20000</msg>
<status status="PASS" start="2026-05-25T16:12:15.663806" elapsed="0.869207">Dashboard page is reached</status>
</test>
<status status="PASS" start="2026-05-25T16:11:52.640536" elapsed="24.253982"/>
</suite>
<status status="PASS" start="2026-05-25T16:11:52.578589" elapsed="24.382153"/>
</suite>
<status status="PASS" start="2026-05-25T16:11:52.498207" elapsed="24.501243"/>
</suite>
<statistics>
<total>
<stat pass="2" fail="0" skip="0">All Tests</stat>
</total>
<tag>
</tag>
<suite>
<stat name="Automation RobotFramework" id="s1" pass="2" fail="0" skip="0">Automation RobotFramework</stat>
<stat name="Testcases" id="s1-s1" pass="2" fail="0" skip="0">Automation RobotFramework.Testcases</stat>
<stat name="orderCompletion" id="s1-s1-s1" pass="2" fail="0" skip="0">Automation RobotFramework.Testcases.orderCompletion</stat>
</suite>
</statistics>
<errors>
<msg time="2026-05-25T16:11:55.764111" level="WARN">Open Browser is for quick experimentation and debugging only. Use New Page for production.</msg>
</errors>
</robot>
